0.045
0.049
0.058
0.049
0.058
0.05
0.043
0.048
0.042
0.043
0.04
0.044
0.048
0.052
0.036
0.041
0.041
0.034
0.047
0.049
0.048
0.042
0.037
0.058
0.051
0.041
0.049
0.048
0.046
0.043
0.041
0.052
0.052
0.043
0.048
0.05
0.043
0.052
0.046
0.052
0.045
0.039
0.04
0.04
0.041
0.05
0.051
0.037
0.032
0.056
0.047
0.038
0.031
0.043
0.042
0.037
0.048
0.056
0.045
0.048
0.06
0.047
0.044
0.043
0.04
0.046
0.034
0.046
0.045
0.037
0.062
0.057
0.057
0.045
0.041
0.047
0.044
0.055
0.055
0.046
0.045
0.044
0.051
0.051
0.06
0.05
0.046
0.058
0.033
0.044
0.053
0.049
0.051
0.051
0.043
0.042
0.042
0.04
0.051
0.046
