0.05
0.042
0.058
0.044
0.07
0.04
0.032
0.04
0.054
0.052
0.042
0.038
0.04
0.052
0.036
0.048
0.046
0.038
0.05
0.042
0.056
0.044
0.046
0.058
0.042
0.036
0.04
0.044
0.042
0.042
0.038
0.048
0.05
0.042
0.044
0.054
0.044
0.056
0.05
0.054
0.04
0.032
0.042
0.046
0.048
0.056
0.062
0.034
0.032
0.054
0.05
0.038
0.03
0.044
0.046
0.036
0.058
0.04
0.056
0.052
0.062
0.038
0.034
0.046
0.036
0.056
0.036
0.048
0.05
0.04
0.052
0.056
0.07
0.036
0.034
0.044
0.042
0.064
0.066
0.05
0.044
0.038
0.042
0.042
0.066
0.058
0.038
0.052
0.032
0.036
0.066
0.054
0.058
0.06
0.038
0.046
0.05
0.054
0.046
0.042
